<?xml version="1.0" encoding="UTF-8"?>
<testsuite xmlns:xsi="http://www.w3.org/2001/XMLSchema-instance" xsi:noNamespaceSchemaLocation="https://maven.apache.org/surefire/maven-surefire-plugin/xsd/surefire-test-report.xsd" name="guru.springframework.sfgpetclinic.controllers.OwnerControllerTest" time="3.506" tests="9" errors="0" skipped="0" failures="0">
  <properties>
[...]
</properties>
  <testcase name="processUpdateOwnerForm" classname="guru.springframework.sfgpetclinic.controllers.OwnerControllerTest" time="2.673"/>
  <testcase name="processFindFormEmptyReturnMany" classname="guru.springframework.sfgpetclinic.controllers.OwnerControllerTest" time="0.153"/>
  <testcase name="findOwners" classname="guru.springframework.sfgpetclinic.controllers.OwnerControllerTest" time="0.178"/>
  <testcase name="processFindFormReturnOne" classname="guru.springframework.sfgpetclinic.controllers.OwnerControllerTest" time="0.075"/>
  <testcase name="initUpdateOwnerForm" classname="guru.springframework.sfgpetclinic.controllers.OwnerControllerTest" time="0.079"/>
  <testcase name="processCreationForm" classname="guru.springframework.sfgpetclinic.controllers.OwnerControllerTest" time="0.111"/>
  <testcase name="initCreationForm" classname="guru.springframework.sfgpetclinic.controllers.OwnerControllerTest" time="0.059"/>
  <testcase name="processFindFormReturnMany" classname="guru.springframework.sfgpetclinic.controllers.OwnerControllerTest" time="0.094"/>
  <testcase name="displayOwner" classname="guru.springframework.sfgpetclinic.controllers.OwnerControllerTest" time="0.073"/>
</testsuite>